2020.10.14 21:15:57 INFO  started: Metals version 0.9.4 in workspace '/home/nchatterjee/projects/java/szf' .
2020.10.14 21:15:59 INFO  time: initialize in 1.84s
2020.10.14 21:18:23 INFO  started: Metals version 0.9.4 in workspace '/home/nchatterjee/projects/java/szf' .
2020.10.14 21:18:25 INFO  time: initialize in 1.94s
2020.10.14 21:22:10 INFO  started: Metals version 0.9.4 in workspace '/home/nchatterjee/projects/java/szf' .
2020.10.14 21:22:11 INFO  time: initialize in 1.4s
2020.10.14 21:22:15 INFO  skipping build import with status 'Dismissed'
2020.10.14 21:22:52 INFO  started: Metals version 0.9.4 in workspace '/home/nchatterjee/projects/java/szf' .
2020.10.14 21:22:54 INFO  time: initialize in 1.65s
2020.10.14 21:22:58 INFO  skipping build import with status 'Dismissed'
2020.10.14 21:23:29 INFO  started: Metals version 0.9.4 in workspace '/home/nchatterjee/projects/java/szf' .
2020.10.14 21:23:30 INFO  time: initialize in 1.46s
2020.10.14 21:23:34 INFO  skipping build import with status 'Dismissed'
2020.10.14 21:24:01 INFO  started: Metals version 0.9.4 in workspace '/home/nchatterjee/projects/java/szf' .
2020.10.14 21:24:03 INFO  time: initialize in 1.98s
2020.10.14 21:24:07 INFO  skipping build import with status 'Dismissed'
2020.10.14 22:12:45 INFO  started: Metals version 0.9.4 in workspace '/home/nchatterjee/projects/java/szf' .
2020.10.14 22:12:47 INFO  time: initialize in 2.08s
2020.10.14 22:12:51 INFO  skipping build import with status 'Dismissed'
2020.10.14 22:16:05 INFO  started: Metals version 0.9.4 in workspace '/home/nchatterjee/projects/java/szf' .
2020.10.14 22:31:47 INFO  started: Metals version 0.9.4 in workspace '/home/nchatterjee/projects/java/szf' .
2020.10.14 22:31:49 INFO  time: initialize in 1.71s
2020.10.14 22:31:53 INFO  skipping build import with status 'Dismissed'
2020.10.14 22:34:34 INFO  started: Metals version 0.9.4 in workspace '/home/nchatterjee/projects/java/szf' .
2020.10.14 22:34:37 INFO  time: initialize in 2.51s
2020.10.14 22:34:41 INFO  skipping build import with status 'Dismissed'
2020.10.14 22:35:31 INFO  started: Metals version 0.9.4 in workspace '/home/nchatterjee/projects/java/szf' .
2020.10.14 22:35:33 INFO  time: initialize in 1.5s
2020.10.14 22:35:33 INFO  skipping build import with status 'Dismissed'
2020.10.14 22:35:57 INFO  started: Metals version 0.9.4 in workspace '/home/nchatterjee/projects/java/szf' .
2020.10.14 22:35:59 INFO  time: initialize in 2.24s
2020.10.14 22:36:03 INFO  skipping build import with status 'Dismissed'
2020.10.14 22:39:19 INFO  started: Metals version 0.9.4 in workspace '/home/nchatterjee/projects/java/szf' .
2020.10.14 22:39:22 INFO  time: initialize in 2.33s
2020.10.14 22:39:26 INFO  skipping build import with status 'Dismissed'
2020.10.14 22:40:27 INFO  started: Metals version 0.9.4 in workspace '/home/nchatterjee/projects/java/szf' .
2020.10.14 22:40:29 INFO  time: initialize in 1.86s
2020.10.14 22:40:33 INFO  skipping build import with status 'Dismissed'
2020.10.15 08:46:13 INFO  started: Metals version 0.9.4 in workspace '/home/nchatterjee/projects/java/szf' .
2020.10.15 08:46:15 INFO  time: initialize in 2.18s
2020.10.15 08:46:19 INFO  skipping build import with status 'Dismissed'
2020.10.15 08:47:03 INFO  started: Metals version 0.9.4 in workspace '/home/nchatterjee/projects/java/szf' .
2020.10.15 08:47:05 INFO  time: initialize in 1.39s
2020.10.15 08:47:05 INFO  skipping build import with status 'Dismissed'
2020.10.15 08:51:20 INFO  started: Metals version 0.9.4 in workspace '/home/nchatterjee/projects/java/szf' .
2020.10.15 08:51:21 INFO  time: initialize in 1.44s
2020.10.15 08:51:25 INFO  skipping build import with status 'Dismissed'
2020.10.15 08:51:47 INFO  started: Metals version 0.9.4 in workspace '/home/nchatterjee/projects/java/szf' .
2020.10.15 08:51:49 INFO  time: initialize in 2s
2020.10.15 08:51:53 INFO  skipping build import with status 'Dismissed'
2020.10.15 08:59:23 INFO  started: Metals version 0.9.4 in workspace '/home/nchatterjee/projects/java/szf' .
2020.10.15 08:59:25 INFO  time: initialize in 1.34s
2020.10.15 08:59:29 INFO  skipping build import with status 'Dismissed'
2020.10.15 09:01:23 INFO  started: Metals version 0.9.4 in workspace '/home/nchatterjee/projects/java/szf' .
2020.10.15 09:01:25 INFO  time: initialize in 1.46s
2020.10.15 09:01:29 INFO  skipping build import with status 'Dismissed'
2020.10.15 09:10:06 INFO  started: Metals version 0.9.4 in workspace '/home/nchatterjee/projects/java/szf' .
2020.10.15 09:10:56 INFO  started: Metals version 0.9.4 in workspace '/home/nchatterjee/projects/java/szf' .
2020.10.15 09:10:59 INFO  time: initialize in 2.64s
2020.10.15 09:11:03 INFO  skipping build import with status 'Dismissed'
2020.10.15 09:13:53 INFO  started: Metals version 0.9.4 in workspace '/home/nchatterjee/projects/java/szf' .
2020.10.15 09:13:55 INFO  time: initialize in 2.22s
2020.10.15 09:13:59 INFO  skipping build import with status 'Dismissed'
2020.10.15 09:44:06 INFO  started: Metals version 0.9.4 in workspace '/home/nchatterjee/projects/java/szf' .
2020.10.15 09:44:09 INFO  time: initialize in 3.01s
2020.10.15 09:44:13 INFO  skipping build import with status 'Dismissed'
2020.10.15 09:53:11 INFO  started: Metals version 0.9.4 in workspace '/home/nchatterjee/projects/java/szf' .
2020.10.15 09:53:13 INFO  time: initialize in 2.27s
2020.10.15 09:53:17 INFO  skipping build import with status 'Dismissed'
2020.10.15 09:54:35 INFO  started: Metals version 0.9.4 in workspace '/home/nchatterjee/projects/java/szf' .
2020.10.15 09:54:38 INFO  time: initialize in 2.56s
2020.10.15 09:54:42 INFO  skipping build import with status 'Dismissed'
2020.10.15 09:58:03 INFO  started: Metals version 0.9.4 in workspace '/home/nchatterjee/projects/java/szf' .
2020.10.15 09:58:05 INFO  time: initialize in 1.33s
2020.10.15 09:58:05 INFO  skipping build import with status 'Dismissed'
Oct 15, 2020 9:58:09 AM org.eclipse.lsp4j.jsonrpc.services.GenericEndpoint notify
INFO: Unsupported notification method: $/setTraceNotification
Oct 15, 2020 9:58:12 AM org.eclipse.lsp4j.jsonrpc.services.GenericEndpoint notify
INFO: Unsupported notification method: $/setTraceNotification
2020.10.15 10:00:52 INFO  started: Metals version 0.9.4 in workspace '/home/nchatterjee/projects/java/szf' .
2020.10.15 10:00:55 INFO  time: initialize in 2.11s
2020.10.15 10:00:56 INFO  skipping build import with status 'Dismissed'
2020.10.15 10:07:10 INFO  started: Metals version 0.9.4 in workspace '/home/nchatterjee/projects/java/szf' .
2020.10.15 10:07:11 INFO  time: initialize in 1.43s
2020.10.15 10:07:38 INFO  started: Metals version 0.9.4 in workspace '/home/nchatterjee/projects/java/szf' .
2020.10.15 10:07:40 INFO  time: initialize in 1.25s
2020.10.15 10:07:43 INFO  skipping build import with status 'Dismissed'
2020.10.15 10:10:35 INFO  started: Metals version 0.9.4 in workspace '/home/nchatterjee/projects/java/szf' .
2020.10.15 10:10:37 INFO  time: initialize in 2.44s
2020.10.15 10:10:41 INFO  skipping build import with status 'Dismissed'
2020.10.15 10:25:58 INFO  started: Metals version 0.9.4 in workspace '/home/nchatterjee/projects/java/szf' .
2020.10.15 10:26:00 INFO  time: initialize in 2.02s
2020.10.15 10:26:04 INFO  skipping build import with status 'Dismissed'
2020.10.15 10:26:41 INFO  started: Metals version 0.9.4 in workspace '/home/nchatterjee/projects/java/szf' .
2020.10.15 10:26:43 INFO  time: initialize in 1.78s
2020.10.15 10:26:47 INFO  skipping build import with status 'Dismissed'
2020.10.15 10:37:51 INFO  started: Metals version 0.9.4 in workspace '/home/nchatterjee/projects/java/szf' .
2020.10.15 10:37:54 INFO  time: initialize in 3.3s
2020.10.15 10:38:26 INFO  started: Metals version 0.9.4 in workspace '/home/nchatterjee/projects/java/szf' .
2020.10.15 10:38:28 INFO  time: initialize in 2.68s
2020.10.15 10:38:32 INFO  skipping build import with status 'Dismissed'
2020.10.15 10:47:17 INFO  started: Metals version 0.9.4 in workspace '/home/nchatterjee/projects/java/szf' .
2020.10.15 10:47:20 INFO  time: initialize in 3.01s
2020.10.15 10:47:25 INFO  skipping build import with status 'Dismissed'
2020.10.15 10:51:15 INFO  started: Metals version 0.9.4 in workspace '/home/nchatterjee/projects/java/szf' .
2020.10.15 10:51:16 INFO  time: initialize in 1.42s
2020.10.15 10:51:20 INFO  skipping build import with status 'Dismissed'
2020.10.15 10:52:37 INFO  started: Metals version 0.9.4 in workspace '/home/nchatterjee/projects/java/szf' .
2020.10.15 10:52:40 INFO  time: initialize in 2.4s
2020.10.15 10:52:43 INFO  skipping build import with status 'Dismissed'
2020.10.15 10:53:54 INFO  started: Metals version 0.9.4 in workspace '/home/nchatterjee/projects/java/szf' .
2020.10.15 10:53:56 INFO  time: initialize in 1.84s
2020.10.15 10:54:32 INFO  started: Metals version 0.9.4 in workspace '/home/nchatterjee/projects/java/szf' .
2020.10.15 10:54:36 INFO  time: initialize in 3.6s
2020.10.15 10:54:40 INFO  skipping build import with status 'Dismissed'
2020.10.15 11:01:06 INFO  started: Metals version 0.9.4 in workspace '/home/nchatterjee/projects/java/szf' .
2020.10.15 11:01:08 INFO  time: initialize in 2.43s
2020.10.15 11:01:12 INFO  skipping build import with status 'Dismissed'
2020.10.15 11:08:28 INFO  started: Metals version 0.9.4 in workspace '/home/nchatterjee/projects/java/szf' .
2020.10.15 11:08:30 INFO  time: initialize in 1.72s
2020.10.15 11:08:34 INFO  skipping build import with status 'Dismissed'
2020.10.15 11:09:05 INFO  started: Metals version 0.9.4 in workspace '/home/nchatterjee/projects/java/szf' .
2020.10.15 11:09:06 INFO  time: initialize in 1.49s
2020.10.15 11:09:10 INFO  skipping build import with status 'Dismissed'
2020.10.15 11:11:16 INFO  started: Metals version 0.9.4 in workspace '/home/nchatterjee/projects/java/szf' .
2020.10.15 11:11:20 INFO  time: initialize in 3.4s
2020.10.15 11:11:24 INFO  skipping build import with status 'Dismissed'
2020.10.15 11:12:16 INFO  started: Metals version 0.9.4 in workspace '/home/nchatterjee/projects/java/szf' .
2020.10.15 11:12:19 INFO  time: initialize in 3.1s
2020.10.15 11:12:22 INFO  skipping build import with status 'Dismissed'
2020.10.15 11:22:41 INFO  started: Metals version 0.9.4 in workspace '/home/nchatterjee/projects/java/szf' .
2020.10.15 11:22:43 INFO  time: initialize in 2.35s
2020.10.15 11:22:47 INFO  skipping build import with status 'Dismissed'
2020.10.15 11:58:28 INFO  started: Metals version 0.9.4 in workspace '/home/nchatterjee/projects/java/szf' .
2020.10.15 11:59:04 INFO  started: Metals version 0.9.4 in workspace '/home/nchatterjee/projects/java/szf' .
2020.10.15 11:59:06 INFO  time: initialize in 1.85s
2020.10.15 11:59:10 INFO  skipping build import with status 'Dismissed'
2020.10.15 11:59:44 INFO  started: Metals version 0.9.4 in workspace '/home/nchatterjee/projects/java/szf' .
2020.10.15 11:59:46 INFO  time: initialize in 2.45s
2020.10.15 11:59:50 INFO  skipping build import with status 'Dismissed'
2020.10.15 13:04:25 INFO  started: Metals version 0.9.4 in workspace '/home/nchatterjee/projects/java/szf' .
2020.10.15 13:04:27 INFO  time: initialize in 1.56s
2020.10.15 13:04:27 INFO  skipping build import with status 'Dismissed'
2020.10.15 13:05:20 INFO  started: Metals version 0.9.4 in workspace '/home/nchatterjee/projects/java/szf' .
2020.10.15 13:05:23 INFO  time: initialize in 2.41s
2020.10.15 13:05:27 INFO  skipping build import with status 'Dismissed'
2020.10.15 13:06:17 INFO  started: Metals version 0.9.4 in workspace '/home/nchatterjee/projects/java/szf' .
2020.10.15 13:06:19 INFO  time: initialize in 2.02s
2020.10.15 13:07:32 INFO  started: Metals version 0.9.4 in workspace '/home/nchatterjee/projects/java/szf' .
2020.10.15 13:07:34 INFO  time: initialize in 1.82s
2020.10.15 13:07:38 INFO  skipping build import with status 'Dismissed'
2020.10.15 13:08:08 INFO  started: Metals version 0.9.4 in workspace '/home/nchatterjee/projects/java/szf' .
2020.10.15 13:08:11 INFO  time: initialize in 2.75s
2020.10.15 13:08:15 INFO  skipping build import with status 'Dismissed'
2020.10.15 13:10:53 INFO  started: Metals version 0.9.4 in workspace '/home/nchatterjee/projects/java/szf' .
2020.10.15 13:10:55 INFO  time: initialize in 2.07s
2020.10.15 13:10:59 INFO  skipping build import with status 'Dismissed'
2020.10.15 13:11:38 INFO  started: Metals version 0.9.4 in workspace '/home/nchatterjee/projects/java/szf' .
2020.10.15 13:11:41 INFO  time: initialize in 2.64s
2020.10.15 13:12:00 INFO  started: Metals version 0.9.4 in workspace '/home/nchatterjee/projects/java/szf' .
2020.10.15 13:12:45 INFO  started: Metals version 0.9.4 in workspace '/home/nchatterjee/projects/java/szf' .
2020.10.15 13:12:48 INFO  time: initialize in 2.45s
2020.10.15 13:14:37 INFO  started: Metals version 0.9.4 in workspace '/home/nchatterjee/projects/java/szf' .
2020.10.15 13:14:40 INFO  time: initialize in 2.22s
2020.10.15 13:14:42 INFO  skipping build import with status 'Dismissed'
2020.10.15 13:20:26 INFO  started: Metals version 0.9.4 in workspace '/home/nchatterjee/projects/java/szf' .
2020.10.15 13:20:28 INFO  time: initialize in 1.35s
2020.10.15 13:20:28 INFO  skipping build import with status 'Dismissed'
2020.10.15 13:20:53 INFO  started: Metals version 0.9.4 in workspace '/home/nchatterjee/projects/java/szf' .
2020.10.15 13:20:55 INFO  time: initialize in 2.4s
2020.10.15 13:20:59 INFO  skipping build import with status 'Dismissed'
2020.10.15 13:22:58 INFO  started: Metals version 0.9.4 in workspace '/home/nchatterjee/projects/java/szf' .
2020.10.15 13:23:00 INFO  time: initialize in 1.77s
2020.10.15 13:23:04 INFO  skipping build import with status 'Dismissed'
2020.10.15 13:28:00 INFO  started: Metals version 0.9.4 in workspace '/home/nchatterjee/projects/java/szf' .
2020.10.15 13:28:01 INFO  time: initialize in 1.62s
2020.10.15 13:28:05 INFO  skipping build import with status 'Dismissed'
2020.10.15 13:29:25 INFO  started: Metals version 0.9.4 in workspace '/home/nchatterjee/projects/java/szf' .
2020.10.15 13:29:27 INFO  time: initialize in 2.07s
2020.10.15 13:29:31 INFO  skipping build import with status 'Dismissed'
2020.10.15 13:48:35 INFO  started: Metals version 0.9.4 in workspace '/home/nchatterjee/projects/java/szf' .
2020.10.15 13:48:38 INFO  time: initialize in 2.35s
2020.10.15 13:48:39 INFO  skipping build import with status 'Dismissed'
2020.10.15 14:58:00 INFO  started: Metals version 0.9.4 in workspace '/home/nchatterjee/projects/java/szf' .
2020.10.15 14:58:03 INFO  time: initialize in 2.19s
2020.10.15 14:58:07 INFO  skipping build import with status 'Dismissed'
2020.10.15 15:02:28 INFO  started: Metals version 0.9.4 in workspace '/home/nchatterjee/projects/java/szf' .
2020.10.15 16:28:03 INFO  started: Metals version 0.9.4 in workspace '/home/nchatterjee/projects/java/szf' .
2020.10.15 16:28:05 INFO  time: initialize in 1.57s
2020.10.15 16:28:09 INFO  skipping build import with status 'Dismissed'
2020.10.15 16:39:35 INFO  started: Metals version 0.9.4 in workspace '/home/nchatterjee/projects/java/szf' .
2020.10.15 16:54:48 INFO  started: Metals version 0.9.4 in workspace '/home/nchatterjee/projects/java/szf' .
2020.10.15 16:54:50 INFO  time: initialize in 2.17s
2020.10.15 16:54:54 INFO  skipping build import with status 'Dismissed'
2020.10.15 16:56:57 INFO  started: Metals version 0.9.4 in workspace '/home/nchatterjee/projects/java/szf' .
2020.10.15 16:56:59 INFO  time: initialize in 1.65s
2020.10.15 16:57:03 INFO  skipping build import with status 'Dismissed'
2020.10.15 17:06:04 INFO  started: Metals version 0.9.4 in workspace '/home/nchatterjee/projects/java/szf' .
2020.10.15 17:06:06 INFO  time: initialize in 2.15s
2020.10.15 17:06:10 INFO  skipping build import with status 'Dismissed'
2020.10.15 17:16:32 INFO  started: Metals version 0.9.4 in workspace '/home/nchatterjee/projects/java/szf' .
2020.10.15 17:16:34 INFO  time: initialize in 2.56s
2020.10.15 17:16:39 INFO  skipping build import with status 'Dismissed'
2020.10.15 17:19:37 INFO  started: Metals version 0.9.4 in workspace '/home/nchatterjee/projects/java/szf' .
2020.10.15 17:19:40 INFO  time: initialize in 3.12s
2020.10.15 17:19:44 INFO  skipping build import with status 'Dismissed'
2020.10.15 17:20:09 INFO  started: Metals version 0.9.4 in workspace '/home/nchatterjee/projects/java/szf' .
2020.10.15 17:20:11 INFO  time: initialize in 1.49s
2020.10.15 17:20:15 INFO  skipping build import with status 'Dismissed'
2020.10.15 17:20:36 INFO  started: Metals version 0.9.4 in workspace '/home/nchatterjee/projects/java/szf' .
2020.10.15 17:20:39 INFO  time: initialize in 2.53s
2020.10.15 17:20:43 INFO  skipping build import with status 'Dismissed'
2020.10.15 17:22:53 INFO  started: Metals version 0.9.4 in workspace '/home/nchatterjee/projects/java/szf' .
2020.10.15 17:22:56 INFO  time: initialize in 2.77s
2020.10.15 17:23:00 INFO  skipping build import with status 'Dismissed'
2020.10.15 17:24:40 INFO  started: Metals version 0.9.4 in workspace '/home/nchatterjee/projects/java/szf' .
2020.10.15 17:24:43 INFO  time: initialize in 2.54s
2020.10.15 17:24:47 INFO  skipping build import with status 'Dismissed'
2020.10.15 17:25:32 INFO  started: Metals version 0.9.4 in workspace '/home/nchatterjee/projects/java/szf' .
2020.10.15 17:25:34 INFO  time: initialize in 1.41s
2020.10.15 17:25:38 INFO  skipping build import with status 'Dismissed'
2020.10.15 17:26:15 INFO  started: Metals version 0.9.4 in workspace '/home/nchatterjee/projects/java/szf' .
2020.10.15 17:26:17 INFO  time: initialize in 2.51s
2020.10.15 17:26:21 INFO  skipping build import with status 'Dismissed'
2020.10.15 17:28:47 INFO  started: Metals version 0.9.4 in workspace '/home/nchatterjee/projects/java/szf' .
2020.10.15 17:28:49 INFO  time: initialize in 2.46s
2020.10.15 17:28:53 INFO  skipping build import with status 'Dismissed'
2020.10.15 17:31:35 INFO  started: Metals version 0.9.4 in workspace '/home/nchatterjee/projects/java/szf' .
2020.10.15 17:31:36 INFO  time: initialize in 1.87s
2020.10.15 17:31:40 INFO  skipping build import with status 'Dismissed'
2020.10.15 19:23:46 INFO  started: Metals version 0.9.4 in workspace '/home/nchatterjee/projects/java/szf' .
2020.10.15 19:23:47 INFO  time: initialize in 1.42s
2020.10.15 19:23:51 INFO  skipping build import with status 'Dismissed'
Oct 15, 2020 7:27:26 PM org.eclipse.lsp4j.jsonrpc.services.GenericEndpoint notify
INFO: Unsupported notification method: $/setTraceNotification
2020.10.15 19:47:14 INFO  started: Metals version 0.9.4 in workspace '/home/nchatterjee/projects/java/szf' .
2020.10.15 19:47:16 INFO  time: initialize in 2.14s
2020.10.15 19:47:20 INFO  skipping build import with status 'Dismissed'
Oct 15, 2020 7:47:42 PM org.eclipse.lsp4j.jsonrpc.services.GenericEndpoint notify
INFO: Unsupported notification method: $/setTraceNotification
2020.10.15 20:04:00 INFO  started: Metals version 0.9.4 in workspace '/home/nchatterjee/projects/java/szf' .
2020.10.15 20:04:02 INFO  time: initialize in 1.51s
2020.10.15 20:04:06 INFO  skipping build import with status 'Dismissed'
2020.10.15 20:07:30 INFO  started: Metals version 0.9.4 in workspace '/home/nchatterjee/projects/java/szf' .
2020.10.15 20:07:32 INFO  time: initialize in 1.87s
2020.10.15 20:07:36 INFO  skipping build import with status 'Dismissed'
2020.10.15 20:07:45 INFO  started: Metals version 0.9.4 in workspace '/home/nchatterjee/projects/java/szf' .
2020.10.15 20:07:47 INFO  time: initialize in 2.03s
2020.10.15 20:07:51 INFO  skipping build import with status 'Dismissed'
2020.10.15 20:12:25 INFO  started: Metals version 0.9.4 in workspace '/home/nchatterjee/projects/java/szf' .
2020.10.15 20:12:26 INFO  time: initialize in 1.76s
2020.10.15 20:12:30 INFO  skipping build import with status 'Dismissed'
2020.10.15 21:17:48 INFO  started: Metals version 0.9.4 in workspace '/home/nchatterjee/projects/java/szf' .
2020.10.15 21:17:50 INFO  time: initialize in 2.38s
2020.10.15 21:17:54 INFO  skipping build import with status 'Dismissed'
2020.10.15 21:21:38 INFO  started: Metals version 0.9.4 in workspace '/home/nchatterjee/projects/java/szf' .
2020.10.15 21:21:40 INFO  time: initialize in 2.01s
2020.10.15 21:21:44 INFO  skipping build import with status 'Dismissed'
2020.10.15 21:22:13 INFO  started: Metals version 0.9.4 in workspace '/home/nchatterjee/projects/java/szf' .
2020.10.15 21:22:15 INFO  time: initialize in 1.44s
2020.10.15 21:22:19 INFO  skipping build import with status 'Dismissed'
2020.10.15 21:23:33 INFO  started: Metals version 0.9.4 in workspace '/home/nchatterjee/projects/java/szf' .
2020.10.15 21:23:37 INFO  time: initialize in 4.11s
2020.10.15 21:23:42 INFO  skipping build import with status 'Dismissed'
2020.10.15 21:25:33 INFO  started: Metals version 0.9.4 in workspace '/home/nchatterjee/projects/java/szf' .
2020.10.15 21:25:35 INFO  time: initialize in 1.32s
2020.10.15 21:25:39 INFO  skipping build import with status 'Dismissed'
2020.10.15 21:29:32 INFO  started: Metals version 0.9.4 in workspace '/home/nchatterjee/projects/java/szf' .
2020.10.15 21:29:34 INFO  time: initialize in 2s
2020.10.15 21:29:38 INFO  skipping build import with status 'Dismissed'
2020.10.15 21:47:59 INFO  started: Metals version 0.9.4 in workspace '/home/nchatterjee/projects/java/szf' .
2020.10.15 21:48:01 INFO  time: initialize in 2.11s
2020.10.15 21:48:05 INFO  skipping build import with status 'Dismissed'
2020.10.15 22:16:53 INFO  started: Metals version 0.9.4 in workspace '/home/nchatterjee/projects/java/szf' .
2020.10.15 22:17:17 INFO  started: Metals version 0.9.4 in workspace '/home/nchatterjee/projects/java/szf' .
2020.10.15 22:17:19 INFO  time: initialize in 2.07s
2020.10.15 22:17:23 INFO  skipping build import with status 'Dismissed'
2020.10.15 22:25:54 INFO  started: Metals version 0.9.4 in workspace '/home/nchatterjee/projects/java/szf' .
2020.10.15 22:25:56 INFO  time: initialize in 2.1s
2020.10.15 22:26:00 INFO  skipping build import with status 'Dismissed'
2020.10.16 09:17:52 INFO  started: Metals version 0.9.4 in workspace '/home/nchatterjee/projects/java/szf' .
2020.10.16 09:17:54 INFO  time: initialize in 2.72s
2020.10.16 09:17:59 INFO  skipping build import with status 'Dismissed'
Oct 16, 2020 9:18:53 AM org.eclipse.lsp4j.jsonrpc.services.GenericEndpoint notify
INFO: Unsupported notification method: $/setTraceNotification
2020.10.16 09:57:43 INFO  started: Metals version 0.9.4 in workspace '/home/nchatterjee/projects/java/szf' .
2020.10.16 09:57:46 INFO  time: initialize in 2.69s
2020.10.16 09:57:50 INFO  skipping build import with status 'Dismissed'
2020.10.16 10:05:06 INFO  started: Metals version 0.9.4 in workspace '/home/nchatterjee/projects/java/szf' .
2020.10.16 10:05:10 INFO  time: initialize in 3.97s
2020.10.16 10:05:14 INFO  skipping build import with status 'Dismissed'
